[16:27:54] [main/INFO] (FabricLoader/GameProvider) Loading Minecraft 1.19.2 with Fabric Loader 0.14.9
[16:27:54] [main/DEBUG] (FabricLoader/GamePatch) Found game constructor: net.minecraft.client.main.Main -> net.minecraft.client.Minecraft
[16:27:54] [main/DEBUG] (FabricLoader/GamePatch) Patching game constructor <init>(Lnet/minecraft/client/main/GameConfig;)V
[16:27:54] [main/DEBUG] (FabricLoader/GamePatch) Run directory field is thought to be net/minecraft/client/Minecraft/gameDirectory
[16:27:54] [main/DEBUG] (FabricLoader/GamePatch) Applying brand name hook to net/minecraft/client/ClientBrandRetriever::getClientModName
[16:27:54] [main/DEBUG] (FabricLoader/GamePatch) Applying brand name hook to net/minecraft/server/MinecraftServer::getServerModName
[16:27:54] [main/DEBUG] (FabricLoader/GamePatch) Patched 3 classs
[16:27:54] [main/DEBUG] (FabricLoader/Discovery) Mod discovery time: 161.4 ms
[16:27:54] [main/DEBUG] (FabricLoader/Resolution) Mod resolution time: 90.7 ms
[16:27:54] [main/INFO] (FabricLoader) Loading 50 mods:
	- cloth-basic-math 0.6.1
	- cloth-config 7.0.65
	- combatant 0.0.4-1.19.x
	- endlessencore 0.0.4-beta-1.19.2
	- fabric-api 0.62.0+1.19.2
	- fabric-api-base 0.4.12+93d8cb8290
	- fabric-api-lookup-api-v1 1.6.10+93d8cb8290
	- fabric-biome-api-v1 9.0.18+c6af733c90
	- fabric-blockrenderlayer-v1 1.1.21+c6af733c90
	- fabric-client-tags-api-v1 1.0.2+b35fea8390
	- fabric-command-api-v2 2.1.8+93d8cb8290
	- fabric-content-registries-v0 3.3.1+624e468e90
	- fabric-convention-tags-v1 1.1.2+93d8cb8290
	- fabric-crash-report-info-v1 0.2.6+aeb40ebe90
	- fabric-data-generation-api-v1 5.2.0+b598f4ac90
	- fabric-dimensions-v1 2.1.32+0dd10df690
	- fabric-entity-events-v1 1.4.19+9ff28f4090
	- fabric-events-interaction-v0 0.4.29+c6af733c90
	- fabric-game-rule-api-v1 1.0.22+c6af733c90
	- fabric-gametest-api-v1 1.0.36+e62f51a390
	- fabric-item-api-v1 1.5.8+93d8cb8290
	- fabric-item-groups-v0 0.3.30+93d8cb8290
	- fabric-key-binding-api-v1 1.0.21+93d8cb8290
	- fabric-lifecycle-events-v1 2.2.0+33ffe9ec90
	- fabric-loot-api-v2 1.1.4+83a8659290
	- fabric-message-api-v1 5.0.4+93d8cb8290
	- fabric-mining-level-api-v1 2.1.15+33fbc73890
	- fabric-models-v0 0.3.18+c6af733c90
	- fabric-networking-api-v1 1.2.5+c6af733c90
	- fabric-object-builder-api-v1 4.0.12+93d8cb8290
	- fabric-particles-v1 1.0.11+79adfe0a90
	- fabric-registry-sync-v0 0.9.26+c6af733c90
	- fabric-renderer-api-v1 1.0.11+c6af733c90
	- fabric-renderer-indigo 0.6.13+aeb40ebe90
	- fabric-rendering-data-attachment-v1 0.3.15+aeb40ebe90
	- fabric-rendering-fluids-v1 3.0.8+c6af733c90
	- fabric-rendering-v1 1.11.0+73145abb90
	- fabric-resource-conditions-api-v1 2.0.12+a29562c890
	- fabric-resource-loader-v0 0.7.0+93d8cb8290
	- fabric-screen-api-v1 1.0.27+93d8cb8290
	- fabric-screen-handler-api-v1 1.3.1+1cc24b1b90
	- fabric-textures-v0 1.0.21+aeb40ebe90
	- fabric-transfer-api-v1 2.1.1+93d8cb8290
	- fabric-transitive-access-wideners-v1 1.3.1+42d99c3290
	- fabricloader 0.14.9
	- java 17
	- lib39-deferral 1.1.1 via endlessencore
	- minecraft 1.19.2
	- mm 2.3 via endlessencore
	- modmenu 4.0.5
[16:27:54] [main/DEBUG] (FabricLoader/Mappings) Loading mappings took 206 ms
