[00:58:45] [main/INFO] (FabricLoader/GameProvider) Loading Minecraft 1.19.2 with Fabric Loader 0.14.9
[00:58:46] [main/INFO] (FabricLoader) Loading 46 mods:
	- cloth-basic-math 0.6.1
	- cloth-config 7.0.65
	- combatant 0.0.1-1.19.x
	- fabric 0.58.6+1.19.2
	- fabric-api-base 0.4.9+e62f51a395
	- fabric-api-lookup-api-v1 1.6.7+9ff28f4090
	- fabric-biome-api-v1 9.0.15+d5533c0190
	- fabric-blockrenderlayer-v1 1.1.18+9ff28f4090
	- fabric-command-api-v2 2.1.5+0c17ea9690
	- fabric-content-registries-v0 3.2.1+07df213e90
	- fabric-convention-tags-v1 1.0.8+37622d2490
	- fabric-crash-report-info-v1 0.2.3+bd0a0d4a90
	- fabric-data-generation-api-v1 5.1.6+a680b9b490
	- fabric-dimensions-v1 2.1.28+a6d2f78590
	- fabric-entity-events-v1 1.4.16+9ff28f4090
	- fabric-events-interaction-v0 0.4.26+9ff28f4090
	- fabric-game-rule-api-v1 1.0.19+1899036190
	- fabric-gametest-api-v1 1.0.33+e62f51a390
	- fabric-item-api-v1 1.5.5+35a03c4390
	- fabric-item-groups-v0 0.3.26+9ff28f4090
	- fabric-key-binding-api-v1 1.0.18+9ff28f4095
	- fabric-lifecycle-events-v1 2.1.0+33fbc73895
	- fabric-loot-api-v2 1.1.1+03a4e56890
	- fabric-message-api-v1 5.0.1+4e0178f490
	- fabric-mining-level-api-v1 2.1.11+33fbc73890
	- fabric-models-v0 0.3.15+9ff28f4090
	- fabric-networking-api-v1 1.2.2+5eb68ef290
	- fabric-object-builder-api-v1 4.0.8+9ff28f4090
	- fabric-particles-v1 1.0.8+dc39553a90
	- fabric-registry-sync-v0 0.9.22+23c4cfef90
	- fabric-renderer-api-v1 1.0.8+9ff28f4090
	- fabric-renderer-indigo 0.6.10+5187d39f90
	- fabric-rendering-data-attachment-v1 0.3.12+9ff28f4090
	- fabric-rendering-fluids-v1 3.0.5+9ff28f4090
	- fabric-rendering-v1 1.10.14+9ff28f4090
	- fabric-resource-conditions-api-v1 2.0.9+e62f51a390
	- fabric-resource-loader-v0 0.5.6+5f1a85e095
	- fabric-screen-api-v1 1.0.24+f05effaf95
	- fabric-screen-handler-api-v1 1.2.11+9ff28f4090
	- fabric-textures-v0 1.0.18+9ff28f4090
	- fabric-transfer-api-v1 2.0.9+e62f51a390
	- fabric-transitive-access-wideners-v1 1.1.1+9e7660c690
	- fabricloader 0.14.9
	- java 17
	- minecraft 1.19.2
	- modmenu 4.0.5
[00:58:46] [main/INFO] (FabricLoader/Mixin) SpongePowered MIXIN Subsystem Version=0.8.5 Source=file:/C:/Users/Sydney/.gradle/caches/modules-2/files-2.1/net.fabricmc/sponge-mixin/0.11.4+mixin.0.8.5/c1dc27696aa4006e492c2485c9ccbcb26045a971/sponge-mixin-0.11.4+mixin.0.8.5.jar Service=Knot/Fabric Env=CLIENT
[00:58:46] [main/INFO] (FabricLoader/Mixin) Loaded Fabric development mappings for mixin remapper!
[00:58:46] [main/INFO] (FabricLoader/Mixin) Compatibility level set to JAVA_16
[00:58:46] [main/INFO] (FabricLoader/Mixin) Compatibility level set to JAVA_17
[00:58:49] [main/WARN] (FileUtil) Configuration conflict: there is more than one oshi.properties file on the classpath
[00:58:49] [main/WARN] (FileUtil) Configuration conflict: there is more than one oshi.architecture.properties file on the classpath
[00:58:54] [main/INFO] (Minecraft) Building optimized datafixer
[00:59:03] [Render thread/INFO] (Minecraft) Environment: authHost='https://authserver.mojang.com', accountsHost='https://api.mojang.com', sessionHost='https://sessionserver.mojang.com', servicesHost='https://api.minecraftservices.com', name='PROD'
[00:59:04] [Render thread/ERROR] (fabric-screen-api-v1) Failed to verify authentication
com.mojang.authlib.exceptions.InvalidCredentialsException: Status: 401
	at com.mojang.authlib.exceptions.MinecraftClientHttpException.toAuthenticationException(MinecraftClientHttpException.java:56) ~[authlib-3.11.49.jar:?]
	at com.mojang.authlib.yggdrasil.YggdrasilUserApiService.fetchProperties(YggdrasilUserApiService.java:155) ~[authlib-3.11.49.jar:?]
	at com.mojang.authlib.yggdrasil.YggdrasilUserApiService.<init>(YggdrasilUserApiService.java:55) ~[authlib-3.11.49.jar:?]
	at com.mojang.authlib.yggdrasil.YggdrasilAuthenticationService.createUserApiService(YggdrasilAuthenticationService.java:161) ~[authlib-3.11.49.jar:?]
	at net.minecraft.client.Minecraft.createUserApiService(Minecraft.java:711) [minecraft-project-@-merged-named.jar:?]
	at net.minecraft.client.Minecraft.<init>(Minecraft.java:431) [minecraft-project-@-merged-named.jar:?]
	at net.minecraft.client.main.Main.run(Main.java:205) [minecraft-project-@-merged-named.jar:?]
	at net.minecraft.client.main.Main.main(Main.java:51) [minecraft-project-@-merged-named.jar:?]
	at net.fabricmc.loader.impl.game.minecraft.MinecraftGameProvider.launch(MinecraftGameProvider.java:461) [fabric-loader-0.14.9.jar:?]
	at net.fabricmc.loader.impl.launch.knot.Knot.launch(Knot.java:74) [fabric-loader-0.14.9.jar:?]
	at net.fabricmc.loader.impl.launch.knot.KnotClient.main(KnotClient.java:23) [fabric-loader-0.14.9.jar:?]
	at net.fabricmc.devlaunchinjector.Main.main(Main.java:86) [dev-launch-injector-0.2.1+build.8.jar:?]
Caused by: com.mojang.authlib.exceptions.MinecraftClientHttpException: Status: 401
	at com.mojang.authlib.minecraft.client.MinecraftClient.readInputStream(MinecraftClient.java:85) ~[authlib-3.11.49.jar:?]
	at com.mojang.authlib.minecraft.client.MinecraftClient.get(MinecraftClient.java:48) ~[authlib-3.11.49.jar:?]
	at com.mojang.authlib.yggdrasil.YggdrasilUserApiService.fetchProperties(YggdrasilUserApiService.java:129) ~[authlib-3.11.49.jar:?]
	... 10 more
[00:59:04] [Render thread/INFO] (fabric-screen-api-v1) Setting user: Player20
[00:59:04] [Render thread/INFO] (Minecraft) [STDOUT]: Registering Items for combatant
[00:59:04] [Render thread/INFO] (combatant) Hello Fabric world!
[00:59:04] [Render thread/INFO] (Indigo) [Indigo] Registering Indigo renderer!
[00:59:06] [Render thread/INFO] (fabric-screen-api-v1) Backend library: LWJGL version 3.3.1 SNAPSHOT
[00:59:10] [Worker-Main-8/ERROR] (Minecraft) Failed to retrieve profile key pair
java.io.IOException: Could not retrieve profile key pair
	at net.minecraft.client.multiplayer.ProfileKeyPairManager.fetchProfileKeyPair(ProfileKeyPairManager.java:130) ~[minecraft-project-@-merged-named.jar:?]
	at net.minecraft.client.multiplayer.ProfileKeyPairManager.method_44291(ProfileKeyPairManager.java:69) ~[minecraft-project-@-merged-named.jar:?]
	at java.util.concurrent.CompletableFuture$AsyncSupply.run(CompletableFuture.java:1768) [?:?]
	at java.util.concurrent.CompletableFuture$AsyncSupply.exec(CompletableFuture.java:1760) [?:?]
	at java.util.concurrent.ForkJoinTask.doExec(ForkJoinTask.java:373) [?:?]
	at java.util.concurrent.ForkJoinPool$WorkQueue.topLevelExec(ForkJoinPool.java:1182) [?:?]
	at java.util.concurrent.ForkJoinPool.scan(ForkJoinPool.java:1655) [?:?]
	at java.util.concurrent.ForkJoinPool.runWorker(ForkJoinPool.java:1622) [?:?]
	at java.util.concurrent.ForkJoinWorkerThread.run(ForkJoinWorkerThread.java:165) [?:?]
[00:59:10] [Render thread/INFO] (Minecraft) Narrator library for x64 successfully loaded
[00:59:10] [Render thread/INFO] (Minecraft) Reloading ResourceManager: Default, Fabric Mods (Fabric Resource Conditions API (v1), Fabric Renderer - Indigo, Fabric Resource Loader (v0), Fabric Renderer API (v1), Fabric Item Groups (v0), Fabric Object Builder API (v1), Fabric Screen Handler API (v1), Fabric Command API (v2), Fabric Convention Tags, Mod Menu, Fabric Message API (v1), Fabric Events Interaction (v0), Fabric Textures (v0), Fabric BlockRenderLayer Registration (v1), Fabric Rendering Fluids (v1), Fabric Registry Sync (v0), Fabric Mining Level API (v1), Fabric Dimensions API (v1), Combatant, Fabric Biome API (v1), Fabric Transfer API (v1), Fabric Networking API (v1), Fabric Key Binding API (v1), Fabric Data Generation API (v1), Fabric API Lookup API (v1), Fabric API, Fabric Item API (v1), Fabric Screen API (v1), Fabric Game Test API (v1), Fabric Transitive Access Wideners (v1), Fabric Content Registries (v0), Fabric Loader, Fabric Game Rule API (v1), Fabric Crash Report Info (v1), Fabric API Base, Fabric Particles (v1), Fabric Models (v0), Fabric Rendering (v1), Fabric Entity Events (v1), Fabric Rendering Data Attachment (v1), Fabric Loot API (v2), Fabric Lifecycle Events (v1), Cloth Config v6)
[00:59:11] [Realms Notification Availability checker #1/INFO] (Minecraft) Could not authorize you against Realms server: Invalid session id
[00:59:14] [Render thread/WARN] (Minecraft) Missing sound for event: minecraft:item.goat_horn.play
[00:59:14] [Render thread/WARN] (Minecraft) Missing sound for event: minecraft:entity.goat.screaming.horn_break
[00:59:14] [Render thread/INFO] (Minecraft) OpenAL initialized on device OpenAL Soft on Speakers (4- USB Advanced Audio Device)
[00:59:14] [Render thread/INFO] (Minecraft) Sound engine started
[00:59:15] [Render thread/INFO] (Minecraft) Created: 1024x1024x4 minecraft:textures/atlas/blocks.png-atlas
[00:59:16] [Render thread/INFO] (Minecraft) Created: 256x128x4 minecraft:textures/atlas/signs.png-atlas
[00:59:16] [Render thread/INFO] (Minecraft) Created: 1024x512x4 minecraft:textures/atlas/banner_patterns.png-atlas
[00:59:16] [Render thread/INFO] (Minecraft) Created: 1024x512x4 minecraft:textures/atlas/shield_patterns.png-atlas
[00:59:16] [Render thread/INFO] (Minecraft) Created: 256x256x4 minecraft:textures/atlas/chest.png-atlas
[00:59:16] [Render thread/INFO] (Minecraft) Created: 512x256x4 minecraft:textures/atlas/beds.png-atlas
[00:59:16] [Render thread/INFO] (Minecraft) Created: 512x256x4 minecraft:textures/atlas/shulker_boxes.png-atlas
[00:59:19] [Render thread/WARN] (Minecraft) Shader rendertype_entity_translucent_emissive could not find sampler named Sampler2 in the specified shader program.
[00:59:21] [Render thread/INFO] (Minecraft) Created: 512x256x0 minecraft:textures/atlas/particles.png-atlas
[00:59:21] [Render thread/INFO] (Minecraft) Created: 256x256x0 minecraft:textures/atlas/paintings.png-atlas
[00:59:21] [Render thread/INFO] (Minecraft) Created: 256x128x0 minecraft:textures/atlas/mob_effects.png-atlas
[00:59:37] [Render thread/ERROR] (Minecraft) Parsing error loading recipe endlessencore:peroratite_sickle_smithing
com.google.gson.JsonSyntaxException: Unknown item 'endlessencore:peroratite_ingot'
	at net.minecraft.world.item.crafting.ShapedRecipe.method_17878(ShapedRecipe.java:253) ~[minecraft-project-@-merged-named.jar:?]
	at java.util.Optional.orElseThrow(Optional.java:403) ~[?:?]
	at net.minecraft.world.item.crafting.ShapedRecipe.itemFromJson(ShapedRecipe.java:253) ~[minecraft-project-@-merged-named.jar:?]
	at net.minecraft.world.item.crafting.Ingredient.valueFromJson(Ingredient.java:162) ~[minecraft-project-@-merged-named.jar:?]
	at net.minecraft.world.item.crafting.Ingredient.fromJson(Ingredient.java:145) ~[minecraft-project-@-merged-named.jar:?]
	at net.minecraft.world.item.crafting.UpgradeRecipe$Serializer.fromJson(UpgradeRecipe.java:86) ~[minecraft-project-@-merged-named.jar:?]
	at net.minecraft.world.item.crafting.UpgradeRecipe$Serializer.fromJson(UpgradeRecipe.java:82) ~[minecraft-project-@-merged-named.jar:?]
	at net.minecraft.world.item.crafting.RecipeManager.fromJson(RecipeManager.java:135) ~[minecraft-project-@-merged-named.jar:?]
	at net.minecraft.world.item.crafting.RecipeManager.apply(RecipeManager.java:56) ~[minecraft-project-@-merged-named.jar:?]
	at net.minecraft.world.item.crafting.RecipeManager.apply(RecipeManager.java:35) ~[minecraft-project-@-merged-named.jar:?]
	at net.minecraft.server.packs.resources.SimplePreparableReloadListener.method_18790(SimplePreparableReloadListener.java:13) ~[minecraft-project-@-merged-named.jar:?]
	at java.util.concurrent.CompletableFuture$UniAccept.tryFire(CompletableFuture.java:718) ~[?:?]
	at java.util.concurrent.CompletableFuture$Completion.run(CompletableFuture.java:482) ~[?:?]
	at net.minecraft.server.packs.resources.SimpleReloadInstance.method_18365(SimpleReloadInstance.java:69) ~[minecraft-project-@-merged-named.jar:?]
	at net.minecraft.util.thread.BlockableEventLoop.doRunTask(BlockableEventLoop.java:157) ~[minecraft-project-@-merged-named.jar:?]
	at net.minecraft.util.thread.ReentrantBlockableEventLoop.doRunTask(ReentrantBlockableEventLoop.java:23) ~[minecraft-project-@-merged-named.jar:?]
	at net.minecraft.util.thread.BlockableEventLoop.pollTask(BlockableEventLoop.java:131) ~[minecraft-project-@-merged-named.jar:?]
	at net.minecraft.util.thread.BlockableEventLoop.managedBlock(BlockableEventLoop.java:140) ~[minecraft-project-@-merged-named.jar:?]
	at net.minecraft.client.gui.screens.worldselection.CreateWorldScreen.openFresh(CreateWorldScreen.java:158) ~[minecraft-project-@-merged-named.jar:?]
	at net.minecraft.client.gui.screens.worldselection.WorldSelectionList.loadLevels(WorldSelectionList.java:147) ~[minecraft-project-@-merged-named.jar:?]
	at net.minecraft.client.gui.screens.worldselection.WorldSelectionList.<init>(WorldSelectionList.java:91) ~[minecraft-project-@-merged-named.jar:?]
	at net.minecraft.client.gui.screens.worldselection.SelectWorldScreen.init(SelectWorldScreen.java:65) ~[minecraft-project-@-merged-named.jar:?]
	at net.minecraft.client.gui.screens.Screen.rebuildWidgets(Screen.java:389) ~[minecraft-project-@-merged-named.jar:?]
	at net.minecraft.client.gui.screens.Screen.init(Screen.java:380) ~[minecraft-project-@-merged-named.jar:?]
	at net.minecraft.client.Minecraft.setScreen(Minecraft.java:1035) ~[minecraft-project-@-merged-named.jar:?]
	at net.minecraft.client.gui.screens.TitleScreen.method_19861(TitleScreen.java:160) ~[minecraft-project-@-merged-named.jar:?]
	at net.minecraft.client.gui.components.Button.onPress(Button.java:43) ~[minecraft-project-@-merged-named.jar:?]
	at net.minecraft.client.gui.components.AbstractButton.onClick(AbstractButton.java:16) ~[minecraft-project-@-merged-named.jar:?]
	at net.minecraft.client.gui.components.AbstractWidget.mouseClicked(AbstractWidget.java:120) ~[minecraft-project-@-merged-named.jar:?]
	at net.minecraft.client.gui.components.events.ContainerEventHandler.mouseClicked(ContainerEventHandler.java:27) ~[minecraft-project-@-merged-named.jar:?]
	at net.minecraft.client.gui.screens.TitleScreen.mouseClicked(TitleScreen.java:343) ~[minecraft-project-@-merged-named.jar:?]
	at net.minecraft.client.MouseHandler.method_1611(MouseHandler.java:94) ~[minecraft-project-@-merged-named.jar:?]
	at net.minecraft.client.gui.screens.Screen.wrapScreenError(Screen.java:489) ~[minecraft-project-@-merged-named.jar:?]
	at net.minecraft.client.MouseHandler.onPress(MouseHandler.java:94) ~[minecraft-project-@-merged-named.jar:?]
	at net.minecraft.client.MouseHandler.method_22686(MouseHandler.java:165) ~[minecraft-project-@-merged-named.jar:?]
	at net.minecraft.util.thread.BlockableEventLoop.execute(BlockableEventLoop.java:103) ~[minecraft-project-@-merged-named.jar:?]
	at net.minecraft.client.MouseHandler.method_22684(MouseHandler.java:165) ~[minecraft-project-@-merged-named.jar:?]
	at org.lwjgl.glfw.GLFWMouseButtonCallbackI.callback(GLFWMouseButtonCallbackI.java:43) [lwjgl-glfw-3.3.1.jar:?]
	at org.lwjgl.system.JNI.invokeV(Native Method) ~[lwjgl-3.3.1.jar:?]
	at org.lwjgl.glfw.GLFW.glfwWaitEventsTimeout(GLFW.java:3474) [lwjgl-glfw-3.3.1.jar:?]
	at com.mojang.blaze3d.systems.RenderSystem.limitDisplayFPS(RenderSystem.java:222) [minecraft-project-@-merged-named.jar:?]
	at net.minecraft.client.Minecraft.runTick(Minecraft.java:1208) [minecraft-project-@-merged-named.jar:?]
	at net.minecraft.client.Minecraft.run(Minecraft.java:768) [minecraft-project-@-merged-named.jar:?]
	at net.minecraft.client.main.Main.run(Main.java:244) [minecraft-project-@-merged-named.jar:?]
	at net.minecraft.client.main.Main.main(Main.java:51) [minecraft-project-@-merged-named.jar:?]
	at net.fabricmc.loader.impl.game.minecraft.MinecraftGameProvider.launch(MinecraftGameProvider.java:461) [fabric-loader-0.14.9.jar:?]
	at net.fabricmc.loader.impl.launch.knot.Knot.launch(Knot.java:74) [fabric-loader-0.14.9.jar:?]
	at net.fabricmc.loader.impl.launch.knot.KnotClient.main(KnotClient.java:23) [fabric-loader-0.14.9.jar:?]
	at net.fabricmc.devlaunchinjector.Main.main(Main.java:86) [dev-launch-injector-0.2.1+build.8.jar:?]
[00:59:37] [Render thread/INFO] (Minecraft) Loaded 7 recipes
[00:59:38] [Render thread/ERROR] (Minecraft) Parsing error loading custom advancement endlessencore:recipes/combat/peroratite_sickle_smithing: Unknown item id 'endlessencore:peroratite_ingot'
[00:59:38] [Render thread/INFO] (Minecraft) Loaded 1185 advancements
[00:59:52] [Render thread/ERROR] (Minecraft) Parsing error loading recipe endlessencore:peroratite_sickle_smithing
com.google.gson.JsonSyntaxException: Unknown item 'endlessencore:peroratite_ingot'
	at net.minecraft.world.item.crafting.ShapedRecipe.method_17878(ShapedRecipe.java:253) ~[minecraft-project-@-merged-named.jar:?]
	at java.util.Optional.orElseThrow(Optional.java:403) ~[?:?]
	at net.minecraft.world.item.crafting.ShapedRecipe.itemFromJson(ShapedRecipe.java:253) ~[minecraft-project-@-merged-named.jar:?]
	at net.minecraft.world.item.crafting.Ingredient.valueFromJson(Ingredient.java:162) ~[minecraft-project-@-merged-named.jar:?]
	at net.minecraft.world.item.crafting.Ingredient.fromJson(Ingredient.java:145) ~[minecraft-project-@-merged-named.jar:?]
	at net.minecraft.world.item.crafting.UpgradeRecipe$Serializer.fromJson(UpgradeRecipe.java:86) ~[minecraft-project-@-merged-named.jar:?]
	at net.minecraft.world.item.crafting.UpgradeRecipe$Serializer.fromJson(UpgradeRecipe.java:82) ~[minecraft-project-@-merged-named.jar:?]
	at net.minecraft.world.item.crafting.RecipeManager.fromJson(RecipeManager.java:135) ~[minecraft-project-@-merged-named.jar:?]
	at net.minecraft.world.item.crafting.RecipeManager.apply(RecipeManager.java:56) ~[minecraft-project-@-merged-named.jar:?]
	at net.minecraft.world.item.crafting.RecipeManager.apply(RecipeManager.java:35) ~[minecraft-project-@-merged-named.jar:?]
	at net.minecraft.server.packs.resources.SimplePreparableReloadListener.method_18790(SimplePreparableReloadListener.java:13) ~[minecraft-project-@-merged-named.jar:?]
	at java.util.concurrent.CompletableFuture$UniAccept.tryFire(CompletableFuture.java:718) ~[?:?]
	at java.util.concurrent.CompletableFuture$Completion.run(CompletableFuture.java:482) ~[?:?]
	at net.minecraft.server.packs.resources.SimpleReloadInstance.method_18365(SimpleReloadInstance.java:69) ~[minecraft-project-@-merged-named.jar:?]
	at net.minecraft.util.thread.BlockableEventLoop.doRunTask(BlockableEventLoop.java:157) ~[minecraft-project-@-merged-named.jar:?]
	at net.minecraft.util.thread.ReentrantBlockableEventLoop.doRunTask(ReentrantBlockableEventLoop.java:23) ~[minecraft-project-@-merged-named.jar:?]
	at net.minecraft.util.thread.BlockableEventLoop.pollTask(BlockableEventLoop.java:131) ~[minecraft-project-@-merged-named.jar:?]
	at net.minecraft.util.thread.BlockableEventLoop.managedBlock(BlockableEventLoop.java:140) ~[minecraft-project-@-merged-named.jar:?]
	at net.minecraft.client.gui.screens.worldselection.CreateWorldScreen.openFresh(CreateWorldScreen.java:158) ~[minecraft-project-@-merged-named.jar:?]
	at net.minecraft.client.gui.screens.worldselection.WorldSelectionList.loadLevels(WorldSelectionList.java:147) ~[minecraft-project-@-merged-named.jar:?]
	at net.minecraft.client.gui.screens.worldselection.WorldSelectionList.<init>(WorldSelectionList.java:91) ~[minecraft-project-@-merged-named.jar:?]
	at net.minecraft.client.gui.screens.worldselection.SelectWorldScreen.init(SelectWorldScreen.java:65) ~[minecraft-project-@-merged-named.jar:?]
	at net.minecraft.client.gui.screens.Screen.rebuildWidgets(Screen.java:389) ~[minecraft-project-@-merged-named.jar:?]
	at net.minecraft.client.gui.screens.Screen.init(Screen.java:380) ~[minecraft-project-@-merged-named.jar:?]
	at net.minecraft.client.Minecraft.setScreen(Minecraft.java:1035) ~[minecraft-project-@-merged-named.jar:?]
	at net.minecraft.client.gui.screens.TitleScreen.method_19861(TitleScreen.java:160) ~[minecraft-project-@-merged-named.jar:?]
	at net.minecraft.client.gui.components.Button.onPress(Button.java:43) ~[minecraft-project-@-merged-named.jar:?]
	at net.minecraft.client.gui.components.AbstractButton.onClick(AbstractButton.java:16) ~[minecraft-project-@-merged-named.jar:?]
	at net.minecraft.client.gui.components.AbstractWidget.mouseClicked(AbstractWidget.java:120) ~[minecraft-project-@-merged-named.jar:?]
	at net.minecraft.client.gui.components.events.ContainerEventHandler.mouseClicked(ContainerEventHandler.java:27) ~[minecraft-project-@-merged-named.jar:?]
	at net.minecraft.client.gui.screens.TitleScreen.mouseClicked(TitleScreen.java:343) ~[minecraft-project-@-merged-named.jar:?]
	at net.minecraft.client.MouseHandler.method_1611(MouseHandler.java:94) ~[minecraft-project-@-merged-named.jar:?]
	at net.minecraft.client.gui.screens.Screen.wrapScreenError(Screen.java:489) ~[minecraft-project-@-merged-named.jar:?]
	at net.minecraft.client.MouseHandler.onPress(MouseHandler.java:94) ~[minecraft-project-@-merged-named.jar:?]
	at net.minecraft.client.MouseHandler.method_22686(MouseHandler.java:165) ~[minecraft-project-@-merged-named.jar:?]
	at net.minecraft.util.thread.BlockableEventLoop.execute(BlockableEventLoop.java:103) ~[minecraft-project-@-merged-named.jar:?]
	at net.minecraft.client.MouseHandler.method_22684(MouseHandler.java:165) ~[minecraft-project-@-merged-named.jar:?]
	at org.lwjgl.glfw.GLFWMouseButtonCallbackI.callback(GLFWMouseButtonCallbackI.java:43) [lwjgl-glfw-3.3.1.jar:?]
	at org.lwjgl.system.JNI.invokeV(Native Method) ~[lwjgl-3.3.1.jar:?]
	at org.lwjgl.glfw.GLFW.glfwPollEvents(GLFW.java:3403) [lwjgl-glfw-3.3.1.jar:?]
	at com.mojang.blaze3d.systems.RenderSystem.flipFrame(RenderSystem.java:204) [minecraft-project-@-merged-named.jar:?]
	at com.mojang.blaze3d.platform.Window.updateDisplay(Window.java:315) [minecraft-project-@-merged-named.jar:?]
	at net.minecraft.client.Minecraft.runTick(Minecraft.java:1205) [minecraft-project-@-merged-named.jar:?]
	at net.minecraft.client.Minecraft.run(Minecraft.java:768) [minecraft-project-@-merged-named.jar:?]
	at net.minecraft.client.main.Main.run(Main.java:244) [minecraft-project-@-merged-named.jar:?]
	at net.minecraft.client.main.Main.main(Main.java:51) [minecraft-project-@-merged-named.jar:?]
	at net.fabricmc.loader.impl.game.minecraft.MinecraftGameProvider.launch(MinecraftGameProvider.java:461) [fabric-loader-0.14.9.jar:?]
	at net.fabricmc.loader.impl.launch.knot.Knot.launch(Knot.java:74) [fabric-loader-0.14.9.jar:?]
	at net.fabricmc.loader.impl.launch.knot.KnotClient.main(KnotClient.java:23) [fabric-loader-0.14.9.jar:?]
	at net.fabricmc.devlaunchinjector.Main.main(Main.java:86) [dev-launch-injector-0.2.1+build.8.jar:?]
[00:59:52] [Render thread/INFO] (Minecraft) Loaded 7 recipes
[00:59:52] [Render thread/ERROR] (Minecraft) Parsing error loading custom advancement endlessencore:recipes/combat/peroratite_sickle_smithing: Unknown item id 'endlessencore:peroratite_ingot'
[00:59:52] [Render thread/INFO] (Minecraft) Loaded 1185 advancements
[00:59:56] [Render thread/ERROR] (Minecraft) Parsing error loading recipe endlessencore:peroratite_sickle_smithing
com.google.gson.JsonSyntaxException: Unknown item 'endlessencore:peroratite_ingot'
	at net.minecraft.world.item.crafting.ShapedRecipe.method_17878(ShapedRecipe.java:253) ~[minecraft-project-@-merged-named.jar:?]
	at java.util.Optional.orElseThrow(Optional.java:403) ~[?:?]
	at net.minecraft.world.item.crafting.ShapedRecipe.itemFromJson(ShapedRecipe.java:253) ~[minecraft-project-@-merged-named.jar:?]
	at net.minecraft.world.item.crafting.Ingredient.valueFromJson(Ingredient.java:162) ~[minecraft-project-@-merged-named.jar:?]
	at net.minecraft.world.item.crafting.Ingredient.fromJson(Ingredient.java:145) ~[minecraft-project-@-merged-named.jar:?]
	at net.minecraft.world.item.crafting.UpgradeRecipe$Serializer.fromJson(UpgradeRecipe.java:86) ~[minecraft-project-@-merged-named.jar:?]
	at net.minecraft.world.item.crafting.UpgradeRecipe$Serializer.fromJson(UpgradeRecipe.java:82) ~[minecraft-project-@-merged-named.jar:?]
	at net.minecraft.world.item.crafting.RecipeManager.fromJson(RecipeManager.java:135) ~[minecraft-project-@-merged-named.jar:?]
	at net.minecraft.world.item.crafting.RecipeManager.apply(RecipeManager.java:56) ~[minecraft-project-@-merged-named.jar:?]
	at net.minecraft.world.item.crafting.RecipeManager.apply(RecipeManager.java:35) ~[minecraft-project-@-merged-named.jar:?]
	at net.minecraft.server.packs.resources.SimplePreparableReloadListener.method_18790(SimplePreparableReloadListener.java:13) ~[minecraft-project-@-merged-named.jar:?]
	at java.util.concurrent.CompletableFuture$UniAccept.tryFire(CompletableFuture.java:718) ~[?:?]
	at java.util.concurrent.CompletableFuture$Completion.run(CompletableFuture.java:482) ~[?:?]
	at net.minecraft.server.packs.resources.SimpleReloadInstance.method_18365(SimpleReloadInstance.java:69) ~[minecraft-project-@-merged-named.jar:?]
	at net.minecraft.util.thread.BlockableEventLoop.doRunTask(BlockableEventLoop.java:157) ~[minecraft-project-@-merged-named.jar:?]
	at net.minecraft.util.thread.ReentrantBlockableEventLoop.doRunTask(ReentrantBlockableEventLoop.java:23) ~[minecraft-project-@-merged-named.jar:?]
	at net.minecraft.util.thread.BlockableEventLoop.pollTask(BlockableEventLoop.java:131) ~[minecraft-project-@-merged-named.jar:?]
	at net.minecraft.util.thread.BlockableEventLoop.managedBlock(BlockableEventLoop.java:140) ~[minecraft-project-@-merged-named.jar:?]
	at net.minecraft.client.gui.screens.worldselection.CreateWorldScreen.handler$zbb000$loadDatapackDimensions(CreateWorldScreen.java:859) ~[minecraft-project-@-merged-named.jar:?]
	at net.minecraft.client.gui.screens.worldselection.CreateWorldScreen.createNewWorld(CreateWorldScreen.java:321) ~[minecraft-project-@-merged-named.jar:?]
	at net.minecraft.client.gui.screens.worldselection.WorldOpenFlows.confirmWorldCreation(WorldOpenFlows.java:247) ~[minecraft-project-@-merged-named.jar:?]
	at net.minecraft.client.gui.screens.worldselection.CreateWorldScreen.onCreate(CreateWorldScreen.java:310) ~[minecraft-project-@-merged-named.jar:?]
	at net.minecraft.client.gui.screens.worldselection.CreateWorldScreen.method_19922(CreateWorldScreen.java:260) ~[minecraft-project-@-merged-named.jar:?]
	at net.minecraft.client.gui.components.Button.onPress(Button.java:43) ~[minecraft-project-@-merged-named.jar:?]
	at net.minecraft.client.gui.components.AbstractButton.onClick(AbstractButton.java:16) ~[minecraft-project-@-merged-named.jar:?]
	at net.minecraft.client.gui.components.AbstractWidget.mouseClicked(AbstractWidget.java:120) ~[minecraft-project-@-merged-named.jar:?]
	at net.minecraft.client.gui.components.events.ContainerEventHandler.mouseClicked(ContainerEventHandler.java:27) ~[minecraft-project-@-merged-named.jar:?]
	at net.minecraft.client.MouseHandler.method_1611(MouseHandler.java:94) ~[minecraft-project-@-merged-named.jar:?]
	at net.minecraft.client.gui.screens.Screen.wrapScreenError(Screen.java:489) ~[minecraft-project-@-merged-named.jar:?]
	at net.minecraft.client.MouseHandler.onPress(MouseHandler.java:94) ~[minecraft-project-@-merged-named.jar:?]
	at net.minecraft.client.MouseHandler.method_22686(MouseHandler.java:165) ~[minecraft-project-@-merged-named.jar:?]
	at net.minecraft.util.thread.BlockableEventLoop.execute(BlockableEventLoop.java:103) ~[minecraft-project-@-merged-named.jar:?]
	at net.minecraft.client.MouseHandler.method_22684(MouseHandler.java:165) ~[minecraft-project-@-merged-named.jar:?]
	at org.lwjgl.glfw.GLFWMouseButtonCallbackI.callback(GLFWMouseButtonCallbackI.java:43) [lwjgl-glfw-3.3.1.jar:?]
	at org.lwjgl.system.JNI.invokeV(Native Method) ~[lwjgl-3.3.1.jar:?]
	at org.lwjgl.glfw.GLFW.glfwPollEvents(GLFW.java:3403) [lwjgl-glfw-3.3.1.jar:?]
	at com.mojang.blaze3d.systems.RenderSystem.flipFrame(RenderSystem.java:204) [minecraft-project-@-merged-named.jar:?]
	at com.mojang.blaze3d.platform.Window.updateDisplay(Window.java:315) [minecraft-project-@-merged-named.jar:?]
	at net.minecraft.client.Minecraft.runTick(Minecraft.java:1205) [minecraft-project-@-merged-named.jar:?]
	at net.minecraft.client.Minecraft.run(Minecraft.java:768) [minecraft-project-@-merged-named.jar:?]
	at net.minecraft.client.main.Main.run(Main.java:244) [minecraft-project-@-merged-named.jar:?]
	at net.minecraft.client.main.Main.main(Main.java:51) [minecraft-project-@-merged-named.jar:?]
	at net.fabricmc.loader.impl.game.minecraft.MinecraftGameProvider.launch(MinecraftGameProvider.java:461) [fabric-loader-0.14.9.jar:?]
	at net.fabricmc.loader.impl.launch.knot.Knot.launch(Knot.java:74) [fabric-loader-0.14.9.jar:?]
	at net.fabricmc.loader.impl.launch.knot.KnotClient.main(KnotClient.java:23) [fabric-loader-0.14.9.jar:?]
	at net.fabricmc.devlaunchinjector.Main.main(Main.java:86) [dev-launch-injector-0.2.1+build.8.jar:?]
[00:59:56] [Render thread/INFO] (Minecraft) Loaded 7 recipes
[00:59:56] [Render thread/ERROR] (Minecraft) Parsing error loading custom advancement endlessencore:recipes/combat/peroratite_sickle_smithing: Unknown item id 'endlessencore:peroratite_ingot'
[00:59:56] [Render thread/INFO] (Minecraft) Loaded 1185 advancements
[00:59:57] [Worker-Main-8/ERROR] (Minecraft) Failed to retrieve profile key pair
java.io.IOException: Could not retrieve profile key pair
	at net.minecraft.client.multiplayer.ProfileKeyPairManager.fetchProfileKeyPair(ProfileKeyPairManager.java:130) ~[minecraft-project-@-merged-named.jar:?]
	at net.minecraft.client.multiplayer.ProfileKeyPairManager.method_44291(ProfileKeyPairManager.java:69) ~[minecraft-project-@-merged-named.jar:?]
	at java.util.concurrent.CompletableFuture$AsyncSupply.run(CompletableFuture.java:1768) [?:?]
	at java.util.concurrent.CompletableFuture$AsyncSupply.exec(CompletableFuture.java:1760) [?:?]
	at java.util.concurrent.ForkJoinTask.doExec(ForkJoinTask.java:373) [?:?]
	at java.util.concurrent.ForkJoinPool$WorkQueue.topLevelExec(ForkJoinPool.java:1182) [?:?]
	at java.util.concurrent.ForkJoinPool.scan(ForkJoinPool.java:1655) [?:?]
	at java.util.concurrent.ForkJoinPool.runWorker(ForkJoinPool.java:1622) [?:?]
	at java.util.concurrent.ForkJoinWorkerThread.run(ForkJoinWorkerThread.java:165) [?:?]
[00:59:57] [Render thread/INFO] (BiomeModificationImpl) Applied 0 biome modifications to 0 of 63 new biomes in 5.510 ms
[00:59:57] [Server thread/INFO] (Minecraft) Starting integrated minecraft server version 1.19.2
[00:59:57] [Server thread/INFO] (Minecraft) Generating keypair
[01:00:03] [Worker-Bootstrap-1/INFO] (Minecraft) 4283 Datafixer optimizations took 69155 milliseconds
[01:00:16] [Server thread/INFO] (Minecraft) Preparing start region for dimension minecraft:overworld
[01:00:17] [Render thread/INFO] (Minecraft) Preparing spawn area: 0%
[01:00:17] [Render thread/INFO] (Minecraft) Preparing spawn area: 0%
[01:00:17] [Render thread/INFO] (Minecraft) Preparing spawn area: 0%
[01:00:18] [Render thread/INFO] (Minecraft) Preparing spawn area: 0%
[01:00:18] [Render thread/INFO] (Minecraft) Preparing spawn area: 0%
[01:00:19] [Render thread/INFO] (Minecraft) Preparing spawn area: 1%
[01:00:19] [Render thread/INFO] (Minecraft) Preparing spawn area: 1%
[01:00:20] [Render thread/INFO] (Minecraft) Preparing spawn area: 3%
[01:00:20] [Render thread/INFO] (Minecraft) Preparing spawn area: 4%
[01:00:21] [Render thread/INFO] (Minecraft) Preparing spawn area: 6%
[01:00:21] [Render thread/INFO] (Minecraft) Preparing spawn area: 7%
[01:00:22] [Render thread/INFO] (Minecraft) Preparing spawn area: 9%
[01:00:22] [Render thread/INFO] (Minecraft) Preparing spawn area: 11%
[01:00:23] [Render thread/INFO] (Minecraft) Preparing spawn area: 13%
[01:00:23] [Render thread/INFO] (Minecraft) Preparing spawn area: 15%
[01:00:24] [Render thread/INFO] (Minecraft) Preparing spawn area: 17%
[01:00:24] [Render thread/INFO] (Minecraft) Preparing spawn area: 19%
[01:00:25] [Render thread/INFO] (Minecraft) Preparing spawn area: 22%
[01:00:25] [Render thread/INFO] (Minecraft) Preparing spawn area: 24%
[01:00:26] [Render thread/INFO] (Minecraft) Preparing spawn area: 27%
[01:00:26] [Render thread/INFO] (Minecraft) Preparing spawn area: 29%
[01:00:27] [Render thread/INFO] (Minecraft) Preparing spawn area: 32%
[01:00:27] [Render thread/INFO] (Minecraft) Preparing spawn area: 35%
[01:00:28] [Render thread/INFO] (Minecraft) Preparing spawn area: 37%
[01:00:28] [Render thread/INFO] (Minecraft) Preparing spawn area: 41%
[01:00:29] [Render thread/INFO] (Minecraft) Preparing spawn area: 44%
[01:00:29] [Render thread/INFO] (Minecraft) Preparing spawn area: 47%
[01:00:30] [Render thread/INFO] (Minecraft) Preparing spawn area: 49%
[01:00:30] [Render thread/INFO] (Minecraft) Preparing spawn area: 53%
[01:00:31] [Render thread/INFO] (Minecraft) Preparing spawn area: 56%
[01:00:31] [Render thread/INFO] (Minecraft) Preparing spawn area: 59%
[01:00:32] [Render thread/INFO] (Minecraft) Preparing spawn area: 62%
[01:00:32] [Render thread/INFO] (Minecraft) Preparing spawn area: 65%
[01:00:33] [Render thread/INFO] (Minecraft) Preparing spawn area: 68%
[01:00:33] [Render thread/INFO] (Minecraft) Preparing spawn area: 70%
[01:00:34] [Render thread/INFO] (Minecraft) Preparing spawn area: 73%
[01:00:34] [Render thread/INFO] (Minecraft) Preparing spawn area: 77%
[01:00:35] [Render thread/INFO] (Minecraft) Preparing spawn area: 80%
[01:00:35] [Render thread/INFO] (Minecraft) Preparing spawn area: 83%
[01:00:36] [Render thread/INFO] (Minecraft) Preparing spawn area: 86%
[01:00:36] [Render thread/INFO] (Minecraft) Preparing spawn area: 89%
[01:00:37] [Render thread/INFO] (Minecraft) Preparing spawn area: 92%
[01:00:37] [Render thread/INFO] (Minecraft) Preparing spawn area: 97%
[01:00:37] [Render thread/INFO] (Minecraft) Time elapsed: 21238 ms
[01:00:37] [Server thread/INFO] (Minecraft) Changing view distance to 12, from 10
[01:00:37] [Server thread/INFO] (Minecraft) Changing simulation distance to 12, from 0
[01:00:39] [Server thread/INFO] (Minecraft) Player20[local:E:669527ac] logged in with entity id 330 at (78.5, 64.0, 109.5)
[01:00:39] [Server thread/INFO] (Minecraft) Player20 joined the game
[01:00:39] [Server thread/INFO] (Minecraft) Player20 has Combatant installed
[01:00:40] [Render thread/INFO] (Minecraft) Loaded 0 advancements
[01:01:25] [Server thread/INFO] (Minecraft) Saving and pausing game...
[01:01:25] [Server thread/INFO] (Minecraft) Saving chunks for level 'ServerLevel[New World]'/minecraft:overworld
[01:01:25] [Server thread/INFO] (Minecraft) Saving chunks for level 'ServerLevel[New World]'/minecraft:the_nether
[01:01:25] [Server thread/INFO] (Minecraft) Saving chunks for level 'ServerLevel[New World]'/minecraft:the_end
[01:01:26] [Server thread/INFO] (Minecraft) Player20 lost connection: Disconnected
[01:01:26] [Server thread/INFO] (Minecraft) Player20 left the game
[01:01:26] [Server thread/INFO] (Minecraft) Stopping singleplayer server as player logged out
[01:01:26] [Server thread/INFO] (Minecraft) Stopping server
[01:01:26] [Server thread/INFO] (Minecraft) Saving players
[01:01:26] [Server thread/INFO] (Minecraft) Saving worlds
[01:01:27] [Server thread/INFO] (Minecraft) Saving chunks for level 'ServerLevel[New World]'/minecraft:overworld
[01:01:28] [Server thread/INFO] (Minecraft) Saving chunks for level 'ServerLevel[New World]'/minecraft:the_nether
[01:01:28] [Server thread/INFO] (Minecraft) Saving chunks for level 'ServerLevel[New World]'/minecraft:the_end
[01:01:28] [Server thread/INFO] (Minecraft) ThreadedAnvilChunkStorage (New World): All chunks are saved
[01:01:28] [Server thread/INFO] (Minecraft) ThreadedAnvilChunkStorage (DIM-1): All chunks are saved
[01:01:28] [Server thread/INFO] (Minecraft) ThreadedAnvilChunkStorage (DIM1): All chunks are saved
[01:01:28] [Server thread/INFO] (Minecraft) ThreadedAnvilChunkStorage: All dimensions are saved
[01:01:29] [Render thread/INFO] (fabric-screen-api-v1) Stopping!
